28.09.2018 15:01:41: INFO Service started. Ftp URI: ftp://192.168.5.5  Check interval: 10 seconds. Passive ftp: 1. Timeout: 5 seconds.
28.09.2018 15:01:51: INFO Start checking waybills on a FTP server.
28.09.2018 15:01:51: INFO Checking object ID:1 test.
28.09.2018 15:01:52: ERROR ArxOne.Ftp,    в ArxOne.Ftp.FtpSession.InitializeConnection()
   в ArxOne.Ftp.FtpSession.ProcessConnect(TimeSpan connectTimeout, TimeSpan readWriteTimeout)
   в ArxOne.Ftp.FtpSession.<>c__DisplayClass16_0.<Connect>b__0()
   в ArxOne.Ftp.FtpSession.Process[TResult](Func`1 func, String commandDescription, String requestCommand, String[] requestParameters)
   в ArxOne.Ftp.FtpSession.Connect(TimeSpan connectTimeout, TimeSpan readWriteTimeout)
   в ArxOne.Ftp.FtpSession.get_ProtocolStream()
   в ArxOne.Ftp.FtpSession.SetTransferMode(FtpTransferMode value)
   в ArxOne.Ftp.FtpSession.OpenDataStream(Boolean passive, TimeSpan connectTimeout, TimeSpan readWriteTimeout, FtpTransferMode transferMode, Nullable`1 streamMode)
   в ArxOne.Ftp.FtpClientUtility.OpenDataStream(FtpSession session, FtpTransferMode transferMode, FtpStreamMode streamMode)
   в ArxOne.Ftp.FtpClientUtility.ProcessList(FtpSession session, FtpPath path)
   в ArxOne.Ftp.FtpClientUtility.<>c__DisplayClass2_0.<List>b__0(FtpSession handle)
   в ArxOne.Ftp.FtpClient.Process[TResult](Func`2 action, FtpSession session)
   в ArxOne.Ftp.FtpClientUtility.List(FtpClient ftpClient, FtpPath path)
   в ArxOne.Ftp.FtpClientUtility.ListEntries(FtpClient ftpClient, FtpPath path)
   в DomainModel.Logic.ManagerFtp.DownloadFiles(TradeObject tradeObject) в C:\Доработки\EDIHelper\DomainModel\Logic\ManagerFtp.cs:строка 41
   в FTPTransporter.FTPTransporter.Tick(Object sender, ElapsedEventArgs e) в C:\Доработки\EDIHelper\FTPTransportService\FTPTransporter.cs:строка 97: Authentication failed for user 1832027380112. Error to downloading waybills.
28.09.2018 15:01:52: INFO End checking waybills on a FTP server.
28.09.2018 15:02:01: INFO Start checking waybills on a FTP server.
28.09.2018 15:02:01: INFO Checking object ID:1 test.
28.09.2018 15:02:01: ERROR ArxOne.Ftp,    в ArxOne.Ftp.FtpSession.InitializeConnection()
   в ArxOne.Ftp.FtpSession.ProcessConnect(TimeSpan connectTimeout, TimeSpan readWriteTimeout)
   в ArxOne.Ftp.FtpSession.<>c__DisplayClass16_0.<Connect>b__0()
   в ArxOne.Ftp.FtpSession.Process[TResult](Func`1 func, String commandDescription, String requestCommand, String[] requestParameters)
   в ArxOne.Ftp.FtpSession.Connect(TimeSpan connectTimeout, TimeSpan readWriteTimeout)
   в ArxOne.Ftp.FtpSession.get_ProtocolStream()
   в ArxOne.Ftp.FtpSession.SetTransferMode(FtpTransferMode value)
   в ArxOne.Ftp.FtpSession.OpenDataStream(Boolean passive, TimeSpan connectTimeout, TimeSpan readWriteTimeout, FtpTransferMode transferMode, Nullable`1 streamMode)
   в ArxOne.Ftp.FtpClientUtility.OpenDataStream(FtpSession session, FtpTransferMode transferMode, FtpStreamMode streamMode)
   в ArxOne.Ftp.FtpClientUtility.ProcessList(FtpSession session, FtpPath path)
   в ArxOne.Ftp.FtpClientUtility.<>c__DisplayClass2_0.<List>b__0(FtpSession handle)
   в ArxOne.Ftp.FtpClient.Process[TResult](Func`2 action, FtpSession session)
   в ArxOne.Ftp.FtpClientUtility.List(FtpClient ftpClient, FtpPath path)
   в ArxOne.Ftp.FtpClientUtility.ListEntries(FtpClient ftpClient, FtpPath path)
   в DomainModel.Logic.ManagerFtp.DownloadFiles(TradeObject tradeObject) в C:\Доработки\EDIHelper\DomainModel\Logic\ManagerFtp.cs:строка 41
   в FTPTransporter.FTPTransporter.Tick(Object sender, ElapsedEventArgs e) в C:\Доработки\EDIHelper\FTPTransportService\FTPTransporter.cs:строка 97: Authentication failed for user 1832027380112. Error to downloading waybills.
28.09.2018 15:02:01: INFO End checking waybills on a FTP server.
28.09.2018 15:02:10: INFO Service stopped..
28.09.2018 15:02:48: INFO Service started. Ftp URI: ftp://192.168.5.5  Check interval: 10 seconds. Passive ftp: 1. Timeout: 5 seconds.
28.09.2018 15:02:58: INFO Start checking waybills on a FTP server.
28.09.2018 15:02:58: INFO Checking object ID:2 Поликарпов А.М Магазин "Ярмарка".
28.09.2018 15:02:58: ERROR ArxOne.Ftp,    в ArxOne.Ftp.FtpSession.InitializeConnection()
   в ArxOne.Ftp.FtpSession.ProcessConnect(TimeSpan connectTimeout, TimeSpan readWriteTimeout)
   в ArxOne.Ftp.FtpSession.<>c__DisplayClass16_0.<Connect>b__0()
   в ArxOne.Ftp.FtpSession.Process[TResult](Func`1 func, String commandDescription, String requestCommand, String[] requestParameters)
   в ArxOne.Ftp.FtpSession.Connect(TimeSpan connectTimeout, TimeSpan readWriteTimeout)
   в ArxOne.Ftp.FtpSession.get_ProtocolStream()
   в ArxOne.Ftp.FtpSession.SetTransferMode(FtpTransferMode value)
   в ArxOne.Ftp.FtpSession.OpenDataStream(Boolean passive, TimeSpan connectTimeout, TimeSpan readWriteTimeout, FtpTransferMode transferMode, Nullable`1 streamMode)
   в ArxOne.Ftp.FtpClientUtility.OpenDataStream(FtpSession session, FtpTransferMode transferMode, FtpStreamMode streamMode)
   в ArxOne.Ftp.FtpClientUtility.ProcessList(FtpSession session, FtpPath path)
   в ArxOne.Ftp.FtpClientUtility.<>c__DisplayClass2_0.<List>b__0(FtpSession handle)
   в ArxOne.Ftp.FtpClient.Process[TResult](Func`2 action, FtpSession session)
   в ArxOne.Ftp.FtpClientUtility.List(FtpClient ftpClient, FtpPath path)
   в ArxOne.Ftp.FtpClientUtility.ListEntries(FtpClient ftpClient, FtpPath path)
   в DomainModel.Logic.ManagerFtp.DownloadFiles(TradeObject tradeObject) в C:\Доработки\EDIHelper\DomainModel\Logic\ManagerFtp.cs:строка 41
   в FTPTransporter.FTPTransporter.Tick(Object sender, ElapsedEventArgs e) в C:\Доработки\EDIHelper\FTPTransportService\FTPTransporter.cs:строка 97: Authentication failed for user Поликарпов А.М Магазин "Ярмарка". Error to downloading waybills.
28.09.2018 15:02:58: INFO End checking waybills on a FTP server.
28.09.2018 15:03:08: INFO Start checking waybills on a FTP server.
28.09.2018 15:03:08: INFO Checking object ID:2 Поликарпов А.М Магазин "Ярмарка".
28.09.2018 15:03:08: ERROR ArxOne.Ftp,    в ArxOne.Ftp.FtpSession.InitializeConnection()
   в ArxOne.Ftp.FtpSession.ProcessConnect(TimeSpan connectTimeout, TimeSpan readWriteTimeout)
   в ArxOne.Ftp.FtpSession.<>c__DisplayClass16_0.<Connect>b__0()
   в ArxOne.Ftp.FtpSession.Process[TResult](Func`1 func, String commandDescription, String requestCommand, String[] requestParameters)
   в ArxOne.Ftp.FtpSession.Connect(TimeSpan connectTimeout, TimeSpan readWriteTimeout)
   в ArxOne.Ftp.FtpSession.get_ProtocolStream()
   в ArxOne.Ftp.FtpSession.SetTransferMode(FtpTransferMode value)
   в ArxOne.Ftp.FtpSession.OpenDataStream(Boolean passive, TimeSpan connectTimeout, TimeSpan readWriteTimeout, FtpTransferMode transferMode, Nullable`1 streamMode)
   в ArxOne.Ftp.FtpClientUtility.OpenDataStream(FtpSession session, FtpTransferMode transferMode, FtpStreamMode streamMode)
   в ArxOne.Ftp.FtpClientUtility.ProcessList(FtpSession session, FtpPath path)
   в ArxOne.Ftp.FtpClientUtility.<>c__DisplayClass2_0.<List>b__0(FtpSession handle)
   в ArxOne.Ftp.FtpClient.Process[TResult](Func`2 action, FtpSession session)
   в ArxOne.Ftp.FtpClientUtility.List(FtpClient ftpClient, FtpPath path)
   в ArxOne.Ftp.FtpClientUtility.ListEntries(FtpClient ftpClient, FtpPath path)
   в DomainModel.Logic.ManagerFtp.DownloadFiles(TradeObject tradeObject) в C:\Доработки\EDIHelper\DomainModel\Logic\ManagerFtp.cs:строка 41
   в FTPTransporter.FTPTransporter.Tick(Object sender, ElapsedEventArgs e) в C:\Доработки\EDIHelper\FTPTransportService\FTPTransporter.cs:строка 97: Authentication failed for user Поликарпов А.М Магазин "Ярмарка". Error to downloading waybills.
28.09.2018 15:03:08: INFO End checking waybills on a FTP server.
28.09.2018 15:03:18: INFO Start checking waybills on a FTP server.
28.09.2018 15:03:18: INFO Checking object ID:2 Поликарпов А.М Магазин "Ярмарка".
28.09.2018 15:03:18: ERROR ArxOne.Ftp,    в ArxOne.Ftp.FtpSession.InitializeConnection()
   в ArxOne.Ftp.FtpSession.ProcessConnect(TimeSpan connectTimeout, TimeSpan readWriteTimeout)
   в ArxOne.Ftp.FtpSession.<>c__DisplayClass16_0.<Connect>b__0()
   в ArxOne.Ftp.FtpSession.Process[TResult](Func`1 func, String commandDescription, String requestCommand, String[] requestParameters)
   в ArxOne.Ftp.FtpSession.Connect(TimeSpan connectTimeout, TimeSpan readWriteTimeout)
   в ArxOne.Ftp.FtpSession.get_ProtocolStream()
   в ArxOne.Ftp.FtpSession.SetTransferMode(FtpTransferMode value)
   в ArxOne.Ftp.FtpSession.OpenDataStream(Boolean passive, TimeSpan connectTimeout, TimeSpan readWriteTimeout, FtpTransferMode transferMode, Nullable`1 streamMode)
   в ArxOne.Ftp.FtpClientUtility.OpenDataStream(FtpSession session, FtpTransferMode transferMode, FtpStreamMode streamMode)
   в ArxOne.Ftp.FtpClientUtility.ProcessList(FtpSession session, FtpPath path)
   в ArxOne.Ftp.FtpClientUtility.<>c__DisplayClass2_0.<List>b__0(FtpSession handle)
   в ArxOne.Ftp.FtpClient.Process[TResult](Func`2 action, FtpSession session)
   в ArxOne.Ftp.FtpClientUtility.List(FtpClient ftpClient, FtpPath path)
   в ArxOne.Ftp.FtpClientUtility.ListEntries(FtpClient ftpClient, FtpPath path)
   в DomainModel.Logic.ManagerFtp.DownloadFiles(TradeObject tradeObject) в C:\Доработки\EDIHelper\DomainModel\Logic\ManagerFtp.cs:строка 41
   в FTPTransporter.FTPTransporter.Tick(Object sender, ElapsedEventArgs e) в C:\Доработки\EDIHelper\FTPTransportService\FTPTransporter.cs:строка 97: Authentication failed for user Поликарпов А.М Магазин "Ярмарка". Error to downloading waybills.
28.09.2018 15:03:18: INFO End checking waybills on a FTP server.
28.09.2018 15:03:28: INFO Start checking waybills on a FTP server.
28.09.2018 15:03:28: INFO Checking object ID:2 Поликарпов А.М Магазин "Ярмарка".
28.09.2018 15:03:28: ERROR ArxOne.Ftp,    в ArxOne.Ftp.FtpSession.InitializeConnection()
   в ArxOne.Ftp.FtpSession.ProcessConnect(TimeSpan connectTimeout, TimeSpan readWriteTimeout)
   в ArxOne.Ftp.FtpSession.<>c__DisplayClass16_0.<Connect>b__0()
   в ArxOne.Ftp.FtpSession.Process[TResult](Func`1 func, String commandDescription, String requestCommand, String[] requestParameters)
   в ArxOne.Ftp.FtpSession.Connect(TimeSpan connectTimeout, TimeSpan readWriteTimeout)
   в ArxOne.Ftp.FtpSession.get_ProtocolStream()
   в ArxOne.Ftp.FtpSession.SetTransferMode(FtpTransferMode value)
   в ArxOne.Ftp.FtpSession.OpenDataStream(Boolean passive, TimeSpan connectTimeout, TimeSpan readWriteTimeout, FtpTransferMode transferMode, Nullable`1 streamMode)
   в ArxOne.Ftp.FtpClientUtility.OpenDataStream(FtpSession session, FtpTransferMode transferMode, FtpStreamMode streamMode)
   в ArxOne.Ftp.FtpClientUtility.ProcessList(FtpSession session, FtpPath path)
   в ArxOne.Ftp.FtpClientUtility.<>c__DisplayClass2_0.<List>b__0(FtpSession handle)
   в ArxOne.Ftp.FtpClient.Process[TResult](Func`2 action, FtpSession session)
   в ArxOne.Ftp.FtpClientUtility.List(FtpClient ftpClient, FtpPath path)
   в ArxOne.Ftp.FtpClientUtility.ListEntries(FtpClient ftpClient, FtpPath path)
   в DomainModel.Logic.ManagerFtp.DownloadFiles(TradeObject tradeObject) в C:\Доработки\EDIHelper\DomainModel\Logic\ManagerFtp.cs:строка 41
   в FTPTransporter.FTPTransporter.Tick(Object sender, ElapsedEventArgs e) в C:\Доработки\EDIHelper\FTPTransportService\FTPTransporter.cs:строка 97: Authentication failed for user Поликарпов А.М Магазин "Ярмарка". Error to downloading waybills.
28.09.2018 15:03:28: INFO End checking waybills on a FTP server.
28.09.2018 15:03:38: INFO Start checking waybills on a FTP server.
28.09.2018 15:03:38: INFO Checking object ID:2 Поликарпов А.М Магазин "Ярмарка".
28.09.2018 15:03:38: ERROR ArxOne.Ftp,    в ArxOne.Ftp.FtpSession.InitializeConnection()
   в ArxOne.Ftp.FtpSession.ProcessConnect(TimeSpan connectTimeout, TimeSpan readWriteTimeout)
   в ArxOne.Ftp.FtpSession.<>c__DisplayClass16_0.<Connect>b__0()
   в ArxOne.Ftp.FtpSession.Process[TResult](Func`1 func, String commandDescription, String requestCommand, String[] requestParameters)
   в ArxOne.Ftp.FtpSession.Connect(TimeSpan connectTimeout, TimeSpan readWriteTimeout)
   в ArxOne.Ftp.FtpSession.get_ProtocolStream()
   в ArxOne.Ftp.FtpSession.SetTransferMode(FtpTransferMode value)
   в ArxOne.Ftp.FtpSession.OpenDataStream(Boolean passive, TimeSpan connectTimeout, TimeSpan readWriteTimeout, FtpTransferMode transferMode, Nullable`1 streamMode)
   в ArxOne.Ftp.FtpClientUtility.OpenDataStream(FtpSession session, FtpTransferMode transferMode, FtpStreamMode streamMode)
   в ArxOne.Ftp.FtpClientUtility.ProcessList(FtpSession session, FtpPath path)
   в ArxOne.Ftp.FtpClientUtility.<>c__DisplayClass2_0.<List>b__0(FtpSession handle)
   в ArxOne.Ftp.FtpClient.Process[TResult](Func`2 action, FtpSession session)
   в ArxOne.Ftp.FtpClientUtility.List(FtpClient ftpClient, FtpPath path)
   в ArxOne.Ftp.FtpClientUtility.ListEntries(FtpClient ftpClient, FtpPath path)
   в DomainModel.Logic.ManagerFtp.DownloadFiles(TradeObject tradeObject) в C:\Доработки\EDIHelper\DomainModel\Logic\ManagerFtp.cs:строка 41
   в FTPTransporter.FTPTransporter.Tick(Object sender, ElapsedEventArgs e) в C:\Доработки\EDIHelper\FTPTransportService\FTPTransporter.cs:строка 97: Authentication failed for user Поликарпов А.М Магазин "Ярмарка". Error to downloading waybills.
28.09.2018 15:03:38: INFO End checking waybills on a FTP server.
28.09.2018 15:03:48: INFO Start checking waybills on a FTP server.
28.09.2018 15:03:48: INFO Checking object ID:2 Поликарпов А.М Магазин "Ярмарка".
28.09.2018 15:03:48: ERROR ArxOne.Ftp,    в ArxOne.Ftp.FtpSession.InitializeConnection()
   в ArxOne.Ftp.FtpSession.ProcessConnect(TimeSpan connectTimeout, TimeSpan readWriteTimeout)
   в ArxOne.Ftp.FtpSession.<>c__DisplayClass16_0.<Connect>b__0()
   в ArxOne.Ftp.FtpSession.Process[TResult](Func`1 func, String commandDescription, String requestCommand, String[] requestParameters)
   в ArxOne.Ftp.FtpSession.Connect(TimeSpan connectTimeout, TimeSpan readWriteTimeout)
   в ArxOne.Ftp.FtpSession.get_ProtocolStream()
   в ArxOne.Ftp.FtpSession.SetTransferMode(FtpTransferMode value)
   в ArxOne.Ftp.FtpSession.OpenDataStream(Boolean passive, TimeSpan connectTimeout, TimeSpan readWriteTimeout, FtpTransferMode transferMode, Nullable`1 streamMode)
   в ArxOne.Ftp.FtpClientUtility.OpenDataStream(FtpSession session, FtpTransferMode transferMode, FtpStreamMode streamMode)
   в ArxOne.Ftp.FtpClientUtility.ProcessList(FtpSession session, FtpPath path)
   в ArxOne.Ftp.FtpClientUtility.<>c__DisplayClass2_0.<List>b__0(FtpSession handle)
   в ArxOne.Ftp.FtpClient.Process[TResult](Func`2 action, FtpSession session)
   в ArxOne.Ftp.FtpClientUtility.List(FtpClient ftpClient, FtpPath path)
   в ArxOne.Ftp.FtpClientUtility.ListEntries(FtpClient ftpClient, FtpPath path)
   в DomainModel.Logic.ManagerFtp.DownloadFiles(TradeObject tradeObject) в C:\Доработки\EDIHelper\DomainModel\Logic\ManagerFtp.cs:строка 41
   в FTPTransporter.FTPTransporter.Tick(Object sender, ElapsedEventArgs e) в C:\Доработки\EDIHelper\FTPTransportService\FTPTransporter.cs:строка 97: Authentication failed for user Поликарпов А.М Магазин "Ярмарка". Error to downloading waybills.
28.09.2018 15:03:48: INFO End checking waybills on a FTP server.
28.09.2018 15:03:58: INFO Start checking waybills on a FTP server.
28.09.2018 15:03:58: INFO Checking object ID:2 Поликарпов А.М Магазин "Ярмарка".
28.09.2018 15:03:58: ERROR ArxOne.Ftp,    в ArxOne.Ftp.FtpSession.InitializeConnection()
   в ArxOne.Ftp.FtpSession.ProcessConnect(TimeSpan connectTimeout, TimeSpan readWriteTimeout)
   в ArxOne.Ftp.FtpSession.<>c__DisplayClass16_0.<Connect>b__0()
   в ArxOne.Ftp.FtpSession.Process[TResult](Func`1 func, String commandDescription, String requestCommand, String[] requestParameters)
   в ArxOne.Ftp.FtpSession.Connect(TimeSpan connectTimeout, TimeSpan readWriteTimeout)
   в ArxOne.Ftp.FtpSession.get_ProtocolStream()
   в ArxOne.Ftp.FtpSession.SetTransferMode(FtpTransferMode value)
   в ArxOne.Ftp.FtpSession.OpenDataStream(Boolean passive, TimeSpan connectTimeout, TimeSpan readWriteTimeout, FtpTransferMode transferMode, Nullable`1 streamMode)
   в ArxOne.Ftp.FtpClientUtility.OpenDataStream(FtpSession session, FtpTransferMode transferMode, FtpStreamMode streamMode)
   в ArxOne.Ftp.FtpClientUtility.ProcessList(FtpSession session, FtpPath path)
   в ArxOne.Ftp.FtpClientUtility.<>c__DisplayClass2_0.<List>b__0(FtpSession handle)
   в ArxOne.Ftp.FtpClient.Process[TResult](Func`2 action, FtpSession session)
   в ArxOne.Ftp.FtpClientUtility.List(FtpClient ftpClient, FtpPath path)
   в ArxOne.Ftp.FtpClientUtility.ListEntries(FtpClient ftpClient, FtpPath path)
   в DomainModel.Logic.ManagerFtp.DownloadFiles(TradeObject tradeObject) в C:\Доработки\EDIHelper\DomainModel\Logic\ManagerFtp.cs:строка 41
   в FTPTransporter.FTPTransporter.Tick(Object sender, ElapsedEventArgs e) в C:\Доработки\EDIHelper\FTPTransportService\FTPTransporter.cs:строка 97: Authentication failed for user Поликарпов А.М Магазин "Ярмарка". Error to downloading waybills.
28.09.2018 15:03:58: INFO End checking waybills on a FTP server.
28.09.2018 15:04:08: INFO Start checking waybills on a FTP server.
28.09.2018 15:04:08: INFO Checking object ID:2 Поликарпов А.М Магазин "Ярмарка".
28.09.2018 15:04:08: ERROR ArxOne.Ftp,    в ArxOne.Ftp.FtpSession.InitializeConnection()
   в ArxOne.Ftp.FtpSession.ProcessConnect(TimeSpan connectTimeout, TimeSpan readWriteTimeout)
   в ArxOne.Ftp.FtpSession.<>c__DisplayClass16_0.<Connect>b__0()
   в ArxOne.Ftp.FtpSession.Process[TResult](Func`1 func, String commandDescription, String requestCommand, String[] requestParameters)
   в ArxOne.Ftp.FtpSession.Connect(TimeSpan connectTimeout, TimeSpan readWriteTimeout)
   в ArxOne.Ftp.FtpSession.get_ProtocolStream()
   в ArxOne.Ftp.FtpSession.SetTransferMode(FtpTransferMode value)
   в ArxOne.Ftp.FtpSession.OpenDataStream(Boolean passive, TimeSpan connectTimeout, TimeSpan readWriteTimeout, FtpTransferMode transferMode, Nullable`1 streamMode)
   в ArxOne.Ftp.FtpClientUtility.OpenDataStream(FtpSession session, FtpTransferMode transferMode, FtpStreamMode streamMode)
   в ArxOne.Ftp.FtpClientUtility.ProcessList(FtpSession session, FtpPath path)
   в ArxOne.Ftp.FtpClientUtility.<>c__DisplayClass2_0.<List>b__0(FtpSession handle)
   в ArxOne.Ftp.FtpClient.Process[TResult](Func`2 action, FtpSession session)
   в ArxOne.Ftp.FtpClientUtility.List(FtpClient ftpClient, FtpPath path)
   в ArxOne.Ftp.FtpClientUtility.ListEntries(FtpClient ftpClient, FtpPath path)
   в DomainModel.Logic.ManagerFtp.DownloadFiles(TradeObject tradeObject) в C:\Доработки\EDIHelper\DomainModel\Logic\ManagerFtp.cs:строка 41
   в FTPTransporter.FTPTransporter.Tick(Object sender, ElapsedEventArgs e) в C:\Доработки\EDIHelper\FTPTransportService\FTPTransporter.cs:строка 97: Authentication failed for user Поликарпов А.М Магазин "Ярмарка". Error to downloading waybills.
28.09.2018 15:04:08: INFO End checking waybills on a FTP server.
28.09.2018 15:04:18: INFO Start checking waybills on a FTP server.
28.09.2018 15:04:18: INFO Checking object ID:2 Поликарпов А.М Магазин "Ярмарка".
28.09.2018 15:04:18: ERROR ArxOne.Ftp,    в ArxOne.Ftp.FtpSession.InitializeConnection()
   в ArxOne.Ftp.FtpSession.ProcessConnect(TimeSpan connectTimeout, TimeSpan readWriteTimeout)
   в ArxOne.Ftp.FtpSession.<>c__DisplayClass16_0.<Connect>b__0()
   в ArxOne.Ftp.FtpSession.Process[TResult](Func`1 func, String commandDescription, String requestCommand, String[] requestParameters)
   в ArxOne.Ftp.FtpSession.Connect(TimeSpan connectTimeout, TimeSpan readWriteTimeout)
   в ArxOne.Ftp.FtpSession.get_ProtocolStream()
   в ArxOne.Ftp.FtpSession.SetTransferMode(FtpTransferMode value)
   в ArxOne.Ftp.FtpSession.OpenDataStream(Boolean passive, TimeSpan connectTimeout, TimeSpan readWriteTimeout, FtpTransferMode transferMode, Nullable`1 streamMode)
   в ArxOne.Ftp.FtpClientUtility.OpenDataStream(FtpSession session, FtpTransferMode transferMode, FtpStreamMode streamMode)
   в ArxOne.Ftp.FtpClientUtility.ProcessList(FtpSession session, FtpPath path)
   в ArxOne.Ftp.FtpClientUtility.<>c__DisplayClass2_0.<List>b__0(FtpSession handle)
   в ArxOne.Ftp.FtpClient.Process[TResult](Func`2 action, FtpSession session)
   в ArxOne.Ftp.FtpClientUtility.List(FtpClient ftpClient, FtpPath path)
   в ArxOne.Ftp.FtpClientUtility.ListEntries(FtpClient ftpClient, FtpPath path)
   в DomainModel.Logic.ManagerFtp.DownloadFiles(TradeObject tradeObject) в C:\Доработки\EDIHelper\DomainModel\Logic\ManagerFtp.cs:строка 41
   в FTPTransporter.FTPTransporter.Tick(Object sender, ElapsedEventArgs e) в C:\Доработки\EDIHelper\FTPTransportService\FTPTransporter.cs:строка 97: Authentication failed for user Поликарпов А.М Магазин "Ярмарка". Error to downloading waybills.
28.09.2018 15:04:18: INFO End checking waybills on a FTP server.
28.09.2018 15:04:28: INFO Start checking waybills on a FTP server.
28.09.2018 15:04:28: INFO Checking object ID:2 Поликарпов А.М Магазин "Ярмарка".
28.09.2018 15:04:28: ERROR ArxOne.Ftp,    в ArxOne.Ftp.FtpSession.InitializeConnection()
   в ArxOne.Ftp.FtpSession.ProcessConnect(TimeSpan connectTimeout, TimeSpan readWriteTimeout)
   в ArxOne.Ftp.FtpSession.<>c__DisplayClass16_0.<Connect>b__0()
   в ArxOne.Ftp.FtpSession.Process[TResult](Func`1 func, String commandDescription, String requestCommand, String[] requestParameters)
   в ArxOne.Ftp.FtpSession.Connect(TimeSpan connectTimeout, TimeSpan readWriteTimeout)
   в ArxOne.Ftp.FtpSession.get_ProtocolStream()
   в ArxOne.Ftp.FtpSession.SetTransferMode(FtpTransferMode value)
   в ArxOne.Ftp.FtpSession.OpenDataStream(Boolean passive, TimeSpan connectTimeout, TimeSpan readWriteTimeout, FtpTransferMode transferMode, Nullable`1 streamMode)
   в ArxOne.Ftp.FtpClientUtility.OpenDataStream(FtpSession session, FtpTransferMode transferMode, FtpStreamMode streamMode)
   в ArxOne.Ftp.FtpClientUtility.ProcessList(FtpSession session, FtpPath path)
   в ArxOne.Ftp.FtpClientUtility.<>c__DisplayClass2_0.<List>b__0(FtpSession handle)
   в ArxOne.Ftp.FtpClient.Process[TResult](Func`2 action, FtpSession session)
   в ArxOne.Ftp.FtpClientUtility.List(FtpClient ftpClient, FtpPath path)
   в ArxOne.Ftp.FtpClientUtility.ListEntries(FtpClient ftpClient, FtpPath path)
   в DomainModel.Logic.ManagerFtp.DownloadFiles(TradeObject tradeObject) в C:\Доработки\EDIHelper\DomainModel\Logic\ManagerFtp.cs:строка 41
   в FTPTransporter.FTPTransporter.Tick(Object sender, ElapsedEventArgs e) в C:\Доработки\EDIHelper\FTPTransportService\FTPTransporter.cs:строка 97: Authentication failed for user Поликарпов А.М Магазин "Ярмарка". Error to downloading waybills.
28.09.2018 15:04:28: INFO End checking waybills on a FTP server.
28.09.2018 15:04:38: INFO Service stopped..
28.09.2018 15:09:19: INFO Service started. Ftp URI: ftp://192.168.5.5  Check interval: 10 seconds. Passive ftp: 1. Timeout: 5 seconds.
28.09.2018 15:09:29: INFO Start checking waybills on a FTP server.
28.09.2018 15:09:29: INFO Checking object ID:3 Поликарпов А.М Магазин "Ярмарка".
28.09.2018 15:09:30: INFO Document files count in directory: 6.
28.09.2018 15:09:30: INFO Parsing waybill file DESADV_58764887_dc228dcc-fbb5-463d-bad2-d6a5763944c8.xml.
28.09.2018 15:09:30: WARNING Supplier with GLN 4607068529991 not found: DomainModel: Ссылка на объект не указывает на экземпляр объекта..    в DomainModel.Logic.XML.XMLConverter.GetWaybill() в C:\Доработки\EDIHelper\DomainModel\Logic\XML\XMLConverter.cs:строка 64.
28.09.2018 15:09:30: INFO Client with GLN 1832027380990 not found: DomainModel: Ссылка на объект не указывает на экземпляр объекта..    в DomainModel.Logic.XML.XMLConverter.GetWaybill() в C:\Доработки\EDIHelper\DomainModel\Logic\XML\XMLConverter.cs:строка 75.
28.09.2018 15:09:30: ERROR Supplier with ID -1 not found: DomainModel: Ссылка на объект не указывает на экземпляр объекта..    в DomainModel.Logic.WBService.AddRecord(Waybill wb) в C:\Доработки\EDIHelper\DomainModel\Logic\WBService.cs:строка 37.
28.09.2018 15:09:30: INFO File /INBOX/Test/DESADV_58764887_dc228dcc-fbb5-463d-bad2-d6a5763944c8.xml was deleted from FTP.
28.09.2018 15:09:30: INFO Saved waybill file DESADV_58764887_dc228dcc-fbb5-463d-bad2-d6a5763944c8.xml.
28.09.2018 15:09:30: INFO Parsing waybill file DESADV_58764895_d58f37e2-95d2-4e20-9631-aedac072a14b.xml.
28.09.2018 15:09:30: WARNING Supplier with GLN 4607068529991 not found: DomainModel: Ссылка на объект не указывает на экземпляр объекта..    в DomainModel.Logic.XML.XMLConverter.GetWaybill() в C:\Доработки\EDIHelper\DomainModel\Logic\XML\XMLConverter.cs:строка 64.
28.09.2018 15:09:30: INFO Client with GLN 1832027380990 not found: DomainModel: Ссылка на объект не указывает на экземпляр объекта..    в DomainModel.Logic.XML.XMLConverter.GetWaybill() в C:\Доработки\EDIHelper\DomainModel\Logic\XML\XMLConverter.cs:строка 75.
28.09.2018 15:09:30: ERROR Supplier with ID -1 not found: DomainModel: Ссылка на объект не указывает на экземпляр объекта..    в DomainModel.Logic.WBService.AddRecord(Waybill wb) в C:\Доработки\EDIHelper\DomainModel\Logic\WBService.cs:строка 37.
28.09.2018 15:09:30: INFO File /INBOX/Test/DESADV_58764895_d58f37e2-95d2-4e20-9631-aedac072a14b.xml was deleted from FTP.
28.09.2018 15:09:30: INFO Saved waybill file DESADV_58764895_d58f37e2-95d2-4e20-9631-aedac072a14b.xml.
28.09.2018 15:09:30: INFO Parsing waybill file DESADV_58766045_75cc3823-08a9-41c8-a925-a5041775cea3.xml.
28.09.2018 15:09:30: WARNING Supplier with GLN 4607068529991 not found: DomainModel: Ссылка на объект не указывает на экземпляр объекта..    в DomainModel.Logic.XML.XMLConverter.GetWaybill() в C:\Доработки\EDIHelper\DomainModel\Logic\XML\XMLConverter.cs:строка 64.
28.09.2018 15:09:30: INFO Client with GLN 1832027380990 not found: DomainModel: Ссылка на объект не указывает на экземпляр объекта..    в DomainModel.Logic.XML.XMLConverter.GetWaybill() в C:\Доработки\EDIHelper\DomainModel\Logic\XML\XMLConverter.cs:строка 75.
28.09.2018 15:09:31: ERROR Supplier with ID -1 not found: DomainModel: Ссылка на объект не указывает на экземпляр объекта..    в DomainModel.Logic.WBService.AddRecord(Waybill wb) в C:\Доработки\EDIHelper\DomainModel\Logic\WBService.cs:строка 37.
28.09.2018 15:09:31: INFO File /INBOX/Test/DESADV_58766045_75cc3823-08a9-41c8-a925-a5041775cea3.xml was deleted from FTP.
28.09.2018 15:09:31: INFO Saved waybill file DESADV_58766045_75cc3823-08a9-41c8-a925-a5041775cea3.xml.
28.09.2018 15:09:31: INFO Parsing waybill file DESADV_58766047_493e75ba-eefb-434f-8958-375d31c9f503.xml.
28.09.2018 15:09:31: WARNING Supplier with GLN 4607068529991 not found: DomainModel: Ссылка на объект не указывает на экземпляр объекта..    в DomainModel.Logic.XML.XMLConverter.GetWaybill() в C:\Доработки\EDIHelper\DomainModel\Logic\XML\XMLConverter.cs:строка 64.
28.09.2018 15:09:31: INFO Client with GLN 1832027380990 not found: DomainModel: Ссылка на объект не указывает на экземпляр объекта..    в DomainModel.Logic.XML.XMLConverter.GetWaybill() в C:\Доработки\EDIHelper\DomainModel\Logic\XML\XMLConverter.cs:строка 75.
28.09.2018 15:09:31: ERROR Supplier with ID -1 not found: DomainModel: Ссылка на объект не указывает на экземпляр объекта..    в DomainModel.Logic.WBService.AddRecord(Waybill wb) в C:\Доработки\EDIHelper\DomainModel\Logic\WBService.cs:строка 37.
28.09.2018 15:09:31: INFO File /INBOX/Test/DESADV_58766047_493e75ba-eefb-434f-8958-375d31c9f503.xml was deleted from FTP.
28.09.2018 15:09:31: INFO Saved waybill file DESADV_58766047_493e75ba-eefb-434f-8958-375d31c9f503.xml.
28.09.2018 15:09:31: INFO Parsing waybill file DESADV_58766121_5b5f55a2-ca9e-4695-8b30-1c1797302ff2.xml.
28.09.2018 15:09:31: WARNING Supplier with GLN 4607068529991 not found: DomainModel: Ссылка на объект не указывает на экземпляр объекта..    в DomainModel.Logic.XML.XMLConverter.GetWaybill() в C:\Доработки\EDIHelper\DomainModel\Logic\XML\XMLConverter.cs:строка 64.
28.09.2018 15:09:31: INFO Client with GLN 1832027380990 not found: DomainModel: Ссылка на объект не указывает на экземпляр объекта..    в DomainModel.Logic.XML.XMLConverter.GetWaybill() в C:\Доработки\EDIHelper\DomainModel\Logic\XML\XMLConverter.cs:строка 75.
28.09.2018 15:09:31: ERROR Supplier with ID -1 not found: DomainModel: Ссылка на объект не указывает на экземпляр объекта..    в DomainModel.Logic.WBService.AddRecord(Waybill wb) в C:\Доработки\EDIHelper\DomainModel\Logic\WBService.cs:строка 37.
28.09.2018 15:09:31: INFO File /INBOX/Test/DESADV_58766121_5b5f55a2-ca9e-4695-8b30-1c1797302ff2.xml was deleted from FTP.
28.09.2018 15:09:31: INFO Saved waybill file DESADV_58766121_5b5f55a2-ca9e-4695-8b30-1c1797302ff2.xml.
28.09.2018 15:09:32: INFO Parsing waybill file DESADV_58775371_d436cddd-3815-45fe-a21e-eada0ad1e005.xml.
28.09.2018 15:09:32: WARNING Supplier with GLN 4607068529991 not found: DomainModel: Ссылка на объект не указывает на экземпляр объекта..    в DomainModel.Logic.XML.XMLConverter.GetWaybill() в C:\Доработки\EDIHelper\DomainModel\Logic\XML\XMLConverter.cs:строка 64.
28.09.2018 15:09:32: INFO Client with GLN 1832027380990 not found: DomainModel: Ссылка на объект не указывает на экземпляр объекта..    в DomainModel.Logic.XML.XMLConverter.GetWaybill() в C:\Доработки\EDIHelper\DomainModel\Logic\XML\XMLConverter.cs:строка 75.
28.09.2018 15:09:32: ERROR Supplier with ID -1 not found: DomainModel: Ссылка на объект не указывает на экземпляр объекта..    в DomainModel.Logic.WBService.AddRecord(Waybill wb) в C:\Доработки\EDIHelper\DomainModel\Logic\WBService.cs:строка 37.
28.09.2018 15:09:32: INFO File /INBOX/Test/DESADV_58775371_d436cddd-3815-45fe-a21e-eada0ad1e005.xml was deleted from FTP.
28.09.2018 15:09:32: INFO Saved waybill file DESADV_58775371_d436cddd-3815-45fe-a21e-eada0ad1e005.xml.
28.09.2018 15:09:32: INFO End checking waybills on a FTP server.
28.09.2018 15:09:38: INFO Service stopped..
28.09.2018 15:13:12: INFO Service started. Ftp URI: ftp://192.168.5.5  Check interval: 10 seconds. Passive ftp: 1. Timeout: 5 seconds.
28.09.2018 15:13:22: INFO Start checking waybills on a FTP server.
28.09.2018 15:13:22: INFO Checking object ID:4 Поликарпов А.М Магазин "Ярмарка".
28.09.2018 15:13:22: INFO Document files count in directory: 4.
28.09.2018 15:13:22: INFO Parsing waybill file DESADV_58764887_dc228dcc-fbb5-463d-bad2-d6a5763944c8.xml.
28.09.2018 15:13:22: INFO Client with GLN 1832027380990 not found: DomainModel: Ссылка на объект не указывает на экземпляр объекта..    в DomainModel.Logic.XML.XMLConverter.GetWaybill() в C:\Доработки\EDIHelper\DomainModel\Logic\XML\XMLConverter.cs:строка 75.
28.09.2018 15:13:23: INFO File /INBOX/Test/DESADV_58764887_dc228dcc-fbb5-463d-bad2-d6a5763944c8.xml was deleted from FTP.
28.09.2018 15:13:23: INFO Saved waybill file DESADV_58764887_dc228dcc-fbb5-463d-bad2-d6a5763944c8.xml.
28.09.2018 15:13:23: INFO Parsing waybill file DESADV_58764895_d58f37e2-95d2-4e20-9631-aedac072a14b.xml.
28.09.2018 15:13:23: INFO Client with GLN 1832027380990 not found: DomainModel: Ссылка на объект не указывает на экземпляр объекта..    в DomainModel.Logic.XML.XMLConverter.GetWaybill() в C:\Доработки\EDIHelper\DomainModel\Logic\XML\XMLConverter.cs:строка 75.
28.09.2018 15:13:23: INFO File /INBOX/Test/DESADV_58764895_d58f37e2-95d2-4e20-9631-aedac072a14b.xml was deleted from FTP.
28.09.2018 15:13:23: INFO Saved waybill file DESADV_58764895_d58f37e2-95d2-4e20-9631-aedac072a14b.xml.
28.09.2018 15:13:23: INFO Parsing waybill file DESADV_58766045_75cc3823-08a9-41c8-a925-a5041775cea3.xml.
28.09.2018 15:13:23: INFO Client with GLN 1832027380990 not found: DomainModel: Ссылка на объект не указывает на экземпляр объекта..    в DomainModel.Logic.XML.XMLConverter.GetWaybill() в C:\Доработки\EDIHelper\DomainModel\Logic\XML\XMLConverter.cs:строка 75.
28.09.2018 15:13:23: INFO File /INBOX/Test/DESADV_58766045_75cc3823-08a9-41c8-a925-a5041775cea3.xml was deleted from FTP.
28.09.2018 15:13:23: INFO Saved waybill file DESADV_58766045_75cc3823-08a9-41c8-a925-a5041775cea3.xml.
28.09.2018 15:13:23: INFO Parsing waybill file DESADV_58766047_493e75ba-eefb-434f-8958-375d31c9f503.xml.
28.09.2018 15:13:23: INFO Client with GLN 1832027380990 not found: DomainModel: Ссылка на объект не указывает на экземпляр объекта..    в DomainModel.Logic.XML.XMLConverter.GetWaybill() в C:\Доработки\EDIHelper\DomainModel\Logic\XML\XMLConverter.cs:строка 75.
28.09.2018 15:13:23: INFO File /INBOX/Test/DESADV_58766047_493e75ba-eefb-434f-8958-375d31c9f503.xml was deleted from FTP.
28.09.2018 15:13:23: INFO Saved waybill file DESADV_58766047_493e75ba-eefb-434f-8958-375d31c9f503.xml.
28.09.2018 15:13:23: INFO End checking waybills on a FTP server.
28.09.2018 15:13:26: INFO Service stopped..
28.09.2018 15:17:18: INFO Service started. Ftp URI: ftp://192.168.5.5  Check interval: 10 seconds. Passive ftp: 1. Timeout: 5 seconds.
28.09.2018 15:17:28: INFO Start checking waybills on a FTP server.
28.09.2018 15:17:28: INFO Checking object ID:5 Поликарпов А.М Магазин "Ярмарка".
28.09.2018 15:17:28: INFO Document files count in directory: 4.
28.09.2018 15:17:28: INFO Parsing waybill file DESADV_58764887_dc228dcc-fbb5-463d-bad2-d6a5763944c8.xml.
28.09.2018 15:17:29: INFO File /INBOX/Test/DESADV_58764887_dc228dcc-fbb5-463d-bad2-d6a5763944c8.xml was deleted from FTP.
28.09.2018 15:17:29: INFO Saved waybill file DESADV_58764887_dc228dcc-fbb5-463d-bad2-d6a5763944c8.xml.
28.09.2018 15:17:29: INFO Parsing waybill file DESADV_58764895_d58f37e2-95d2-4e20-9631-aedac072a14b.xml.
28.09.2018 15:17:29: INFO File /INBOX/Test/DESADV_58764895_d58f37e2-95d2-4e20-9631-aedac072a14b.xml was deleted from FTP.
28.09.2018 15:17:29: INFO Saved waybill file DESADV_58764895_d58f37e2-95d2-4e20-9631-aedac072a14b.xml.
28.09.2018 15:17:29: INFO Parsing waybill file DESADV_58766045_75cc3823-08a9-41c8-a925-a5041775cea3.xml.
28.09.2018 15:17:29: INFO File /INBOX/Test/DESADV_58766045_75cc3823-08a9-41c8-a925-a5041775cea3.xml was deleted from FTP.
28.09.2018 15:17:29: INFO Saved waybill file DESADV_58766045_75cc3823-08a9-41c8-a925-a5041775cea3.xml.
28.09.2018 15:17:29: INFO Parsing waybill file DESADV_58766047_493e75ba-eefb-434f-8958-375d31c9f503.xml.
28.09.2018 15:17:29: INFO File /INBOX/Test/DESADV_58766047_493e75ba-eefb-434f-8958-375d31c9f503.xml was deleted from FTP.
28.09.2018 15:17:29: INFO Saved waybill file DESADV_58766047_493e75ba-eefb-434f-8958-375d31c9f503.xml.
28.09.2018 15:17:29: INFO End checking waybills on a FTP server.
28.09.2018 15:17:32: INFO Service stopped..
