28.09.2018 15:07:02: INFO Checking download file.
28.09.2018 15:07:02: INFO Download file found.
28.09.2018 15:07:02: INFO Downloading clients.
28.09.2018 15:07:02: INFO Downloading suppliers.
28.09.2018 15:07:02: INFO Downloading trade objects.
28.09.2018 15:08:04: INFO Checking download file.
28.09.2018 15:08:04: INFO Download file found.
28.09.2018 15:08:04: INFO Downloading clients.
28.09.2018 15:08:04: INFO Downloading suppliers.
28.09.2018 15:08:04: INFO Downloading trade objects.
28.09.2018 15:12:09: INFO Checking download file.
28.09.2018 15:12:09: INFO Download file found.
28.09.2018 15:12:09: INFO Downloading clients.
28.09.2018 15:12:10: INFO Downloading suppliers.
28.09.2018 15:12:10: INFO Downloading trade objects.
28.09.2018 15:16:17: INFO Checking download file.
28.09.2018 15:16:17: INFO Download file found.
28.09.2018 15:16:17: INFO Downloading clients.
28.09.2018 15:16:17: INFO Downloading suppliers.
28.09.2018 15:16:18: INFO Downloading trade objects.
